Using pre-set license
Built from '2020.3/release' branch; Version is '2020.3.1f1 (77a89f25062f) revision 7841951'; Using compiler version '192528614'; Build Type 'Release'
OS: 'Windows 10 Pro; OS build 19042.928; Version 2009; 64bit' Language: 'en' Physical Memory: 16365 MB
BatchMode: 1, IsHumanControllingUs: 0, StartBugReporterOnCrash: 0, Is64bit: 1, IsPro: 0

 COMMAND LINE ARGUMENTS:
D:\Program Files\2020.3.1f1\Editor\Unity.exe
-adb2
-batchMode
-noUpm
-name
AssetImportWorker0
-projectPath
D:/Uni and personal work/Unity Games/FPS Hunter
-logFile
Logs/AssetImportWorker0.log
-srvPort
63101
Successfully changed project path to: D:/Uni and personal work/Unity Games/FPS Hunter
D:/Uni and personal work/Unity Games/FPS Hunter
Using Asset Import Pipeline V2.
Refreshing native plugins compatible for Editor in 372.26 ms, found 0 plugins.
Preloading 0 native plugins for Editor in 0.00 ms.
Initialize engine version: 2020.3.1f1 (77a89f25062f)
[Subsystems] Discovering subsystems at path D:/Program Files/2020.3.1f1/Editor/Data/Resources/UnitySubsystems
[Subsystems] Discovering subsystems at path D:/Uni and personal work/Unity Games/FPS Hunter/Assets
GfxDevice: creating device client; threaded=0
Direct3D:
    Version:  Direct3D 11.0 [level 11.1]
    Renderer: Radeon RX 560 Series (ID=0x67ef)
    Vendor:   
    VRAM:     4075 MB
    Driver:   27.20.15003.5017
Initialize mono
Mono path[0] = 'D:/Program Files/2020.3.1f1/Editor/Data/Managed'
Mono path[1] = 'D:/Program Files/2020.3.1f1/Editor/Data/MonoBleedingEdge/lib/mono/unityjit'
Mono config path = 'D:/Program Files/2020.3.1f1/Editor/Data/MonoBleedingEdge/etc'
Using monoOptions --debugger-agent=transport=dt_socket,embedding=1,server=y,suspend=n,address=127.0.0.1:56500
Begin MonoManager ReloadAssembly
Registering precompiled unity dll's ...
Register platform support module: D:/Program Files/2020.3.1f1/Editor/Data/PlaybackEngines/WindowsStandaloneSupport/UnityEditor.WindowsStandalone.Extensions.dll
Registered in 0.003178 seconds.
Native extension for WindowsStandalone target not found
Refreshing native plugins compatible for Editor in 133.37 ms, found 0 plugins.
Preloading 0 native plugins for Editor in 0.00 ms.
Invoked RoslynAnalysisRunner static constructor.
RoslynAnalysisRunner will not be running.
RoslynAnalysisRunner has terminated.
Mono: successfully reloaded assembly
- Completed reload, in  3.256 seconds
Platform modules already initialized, skipping
Registering precompiled user dll's ...
Registered in 0.003090 seconds.
Begin MonoManager ReloadAssembly
Native extension for WindowsStandalone target not found
Refreshing native plugins compatible for Editor in 113.41 ms, found 0 plugins.
Preloading 0 native plugins for Editor in 0.00 ms.
Invoked RoslynAnalysisRunner static constructor.
RoslynAnalysisRunner will not be running.
RoslynAnalysisRunner has terminated.
Mono: successfully reloaded assembly
- Completed reload, in  3.504 seconds
Platform modules already initialized, skipping
========================================================================
Worker process is ready to serve import requests
Launched and connected shader compiler UnityShaderCompiler.exe after 0.17 seconds
Refreshing native plugins compatible for Editor in 0.93 ms, found 0 plugins.
Preloading 0 native plugins for Editor in 0.00 ms.
Unloading 2731 Unused Serialized files (Serialized files now loaded: 0)
System memory in use before: 112.8 MB.
System memory in use after: 113.0 MB.

Unloading 112 unused Assets to reduce memory usage. Loaded Objects now: 3169.
Total: 8.571500 ms (FindLiveObjects: 1.002800 ms CreateObjectMapping: 0.376800 ms MarkObjects: 6.743800 ms  DeleteObjects: 0.445600 ms)

========================================================================
Received Import Request.
  path: Assets/Test/Materials/skeletonZombie_Material.mat
  artifactKey: Guid(1d30084cdbca5b94984b8fa61dd0ccbc) Importer(815301076,1909f56bfc062723c751e8b465ee728b)
Start importing Assets/Test/Materials/skeletonZombie_Material.mat using Guid(1d30084cdbca5b94984b8fa61dd0ccbc) Importer(815301076,1909f56bfc062723c751e8b465ee728b)  -> (artifact id: '99ad573dc7d75cc58a6994b29399da36') in 0.478576 seconds
  Import took 0.487576 seconds .

========================================================================
Received Import Request.
  Time since last request: 61.164053 seconds.
  path: Assets/Test/Materials/Test.shader
  artifactKey: Guid(5a7cc0a477d93844d8e0dd419e1d0bde) Importer(815301076,1909f56bfc062723c751e8b465ee728b)
Start importing Assets/Test/Materials/Test.shader using Guid(5a7cc0a477d93844d8e0dd419e1d0bde) Importer(815301076,1909f56bfc062723c751e8b465ee728b)  -> (artifact id: '29ae27600881cf37e856ebc69ee6028d') in 0.025225 seconds
  Import took 0.037302 seconds .

========================================================================
Received Import Request.
  Time since last request: 0.003462 seconds.
  path: Assets/Test/Materials/Test.shader
  artifactKey: Guid(5a7cc0a477d93844d8e0dd419e1d0bde) Importer(815301076,1909f56bfc062723c751e8b465ee728b)
Start importing Assets/Test/Materials/Test.shader using Guid(5a7cc0a477d93844d8e0dd419e1d0bde) Importer(815301076,1909f56bfc062723c751e8b465ee728b)  -> (artifact id: '29ae27600881cf37e856ebc69ee6028d') in 0.011714 seconds
  Import took 0.023006 seconds .

========================================================================
Received Import Request.
  Time since last request: 920.766013 seconds.
  path: Assets/ShaderGraph
  artifactKey: Guid(29a50552fc7491e4b963a8729e7f731b) Importer(815301076,1909f56bfc062723c751e8b465ee728b)
Start importing Assets/ShaderGraph using Guid(29a50552fc7491e4b963a8729e7f731b) Importer(815301076,1909f56bfc062723c751e8b465ee728b)  -> (artifact id: 'f9296a0d371a4c91677d8da81a84ebe9') in 0.005502 seconds
  Import took 0.012616 seconds .

AssetImportWorkerClient::OnTransportError - code=2 error=End of file
